<?xml version="1.0" encoding="UTF-8"?>
<testng-results ignored="0" total="2" passed="2" failed="0" skipped="0">
  <reporter-output>
  </reporter-output>
  <suite started-at="2023-07-19T01:39:38 IST" name="Suite" finished-at="2023-07-19T01:40:38 IST" duration-ms="59778">
    <groups>
    </groups>
    <test started-at="2023-07-19T01:39:38 IST" name="Test" finished-at="2023-07-19T01:40:38 IST" duration-ms="59778">
      <class name="Upload_File.test_upload_file">
        <test-method is-config="true" signature="setup()[pri:0, instance:Upload_File.test_upload_file@5d066c7d]" started-at="2023-07-19T01:39:52 IST" name="setup" finished-at="2023-07-19T01:40:00 IST" duration-ms="7402" status="PASS">
          <reporter-output>
          </reporter-output>
        </test-method> <!-- setup -->
        <test-method signature="upload_file()[pri:0, instance:Upload_File.test_upload_file@5d066c7d]" started-at="2023-07-19T01:40:00 IST" name="upload_file" finished-at="2023-07-19T01:40:09 IST" duration-ms="9165" status="PASS">
          <reporter-output>
          </reporter-output>
        </test-method> <!-- upload_file -->
        <test-method is-config="true" signature="close_browser()[pri:0, instance:Upload_File.test_upload_file@5d066c7d]" started-at="2023-07-19T01:40:34 IST" name="close_browser" finished-at="2023-07-19T01:40:38 IST" duration-ms="4226" status="PASS">
          <reporter-output>
          </reporter-output>
        </test-method> <!-- close_browser -->
      </class> <!-- Upload_File.test_upload_file -->
      <class name="Broken_Images.test_broken_link_images">
        <test-method is-config="true" signature="setup()[pri:0, instance:Broken_Images.test_broken_link_images@30e868be]" started-at="2023-07-19T01:39:38 IST" name="setup" finished-at="2023-07-19T01:39:52 IST" duration-ms="14171" status="PASS">
          <reporter-output>
          </reporter-output>
        </test-method> <!-- setup -->
        <test-method signature="finds_broken_link()[pri:0, instance:Broken_Images.test_broken_link_images@30e868be]" started-at="2023-07-19T01:40:09 IST" name="finds_broken_link" finished-at="2023-07-19T01:40:19 IST" duration-ms="9744" status="PASS">
          <reporter-output>
          </reporter-output>
        </test-method> <!-- finds_broken_link -->
        <test-method is-config="true" signature="close_browser()[pri:0, instance:Broken_Images.test_broken_link_images@30e868be]" started-at="2023-07-19T01:40:20 IST" name="close_browser" finished-at="2023-07-19T01:40:34 IST" duration-ms="14072" status="PASS">
          <reporter-output>
          </reporter-output>
        </test-method> <!-- close_browser -->
      </class> <!-- Broken_Images.test_broken_link_images -->
    </test> <!-- Test -->
  </suite> <!-- Suite -->
</testng-results>
